[0.009s] Invoking command in '/home/rishie/Documents/Semester-3/ENPM 700/Final Project/nav_guide_project/build/my_controller': CMAKE_PREFIX_PATH=${CMAKE_PREFIX_PATH}:/opt/ros/humble PS1=\n\t \[\033[32m\]\w\[\033[33m\]$(GIT_PS1_SHOWUNTRACKEDFILES=1 GIT_PS1_SHOWDIRTYSTATE=1 __git_ps1)\[\033[00m\] $ /usr/bin/cmake --build /home/rishie/Documents/Semester-3/ENPM 700/Final Project/nav_guide_project/build/my_controller -- -j16 -l16
[0.055s] [35m[1mConsolidate compiler generated dependencies of target robot_commander[0m
[0.064s] [ 25%] Built target gtest_main
[0.068s] [ 50%] Built target gtest
[0.075s] [ 75%] Built target robot_commander
[0.096s] [100%] Built target my_controller_test
[0.109s] Invoked command in '/home/rishie/Documents/Semester-3/ENPM 700/Final Project/nav_guide_project/build/my_controller' returned '0': CMAKE_PREFIX_PATH=${CMAKE_PREFIX_PATH}:/opt/ros/humble PS1=\n\t \[\033[32m\]\w\[\033[33m\]$(GIT_PS1_SHOWUNTRACKEDFILES=1 GIT_PS1_SHOWDIRTYSTATE=1 __git_ps1)\[\033[00m\] $ /usr/bin/cmake --build /home/rishie/Documents/Semester-3/ENPM 700/Final Project/nav_guide_project/build/my_controller -- -j16 -l16
[0.111s] Invoking command in '/home/rishie/Documents/Semester-3/ENPM 700/Final Project/nav_guide_project/build/my_controller': CMAKE_PREFIX_PATH=${CMAKE_PREFIX_PATH}:/opt/ros/humble PS1=\n\t \[\033[32m\]\w\[\033[33m\]$(GIT_PS1_SHOWUNTRACKEDFILES=1 GIT_PS1_SHOWDIRTYSTATE=1 __git_ps1)\[\033[00m\] $ /usr/bin/cmake --install /home/rishie/Documents/Semester-3/ENPM 700/Final Project/nav_guide_project/build/my_controller
[0.117s] -- Install configuration: ""
[0.118s] -- Up-to-date: /home/rishie/Documents/Semester-3/ENPM 700/Final Project/nav_guide_project/install/my_controller/lib/my_controller/robot_commander
[0.118s] -- Up-to-date: /home/rishie/Documents/Semester-3/ENPM 700/Final Project/nav_guide_project/install/my_controller/share/my_controller/launch
[0.118s] -- Installing: /home/rishie/Documents/Semester-3/ENPM 700/Final Project/nav_guide_project/install/my_controller/share/my_controller/launch/gazebo.launch.py
[0.118s] -- Up-to-date: /home/rishie/Documents/Semester-3/ENPM 700/Final Project/nav_guide_project/install/my_controller/share/my_controller/launch/robot_state_publisher.launch.py
[0.118s] -- Installing: /home/rishie/Documents/Semester-3/ENPM 700/Final Project/nav_guide_project/install/my_controller/share/my_controller/launch/run_demo.launch.py
[0.118s] -- Up-to-date: /home/rishie/Documents/Semester-3/ENPM 700/Final Project/nav_guide_project/install/my_controller/share/my_controller/models
[0.119s] -- Up-to-date: /home/rishie/Documents/Semester-3/ENPM 700/Final Project/nav_guide_project/install/my_controller/share/my_controller/models/turtlebot3_waffle_pi
[0.119s] -- Up-to-date: /home/rishie/Documents/Semester-3/ENPM 700/Final Project/nav_guide_project/install/my_controller/share/my_controller/models/turtlebot3_waffle_pi/model-1_4_.sdf
[0.119s] -- Up-to-date: /home/rishie/Documents/Semester-3/ENPM 700/Final Project/nav_guide_project/install/my_controller/share/my_controller/models/turtlebot3_waffle_pi/model.config
[0.119s] -- Up-to-date: /home/rishie/Documents/Semester-3/ENPM 700/Final Project/nav_guide_project/install/my_controller/share/my_controller/models/turtlebot3_waffle_pi/model.sdf
[0.119s] -- Up-to-date: /home/rishie/Documents/Semester-3/ENPM 700/Final Project/nav_guide_project/install/my_controller/share/my_controller/worlds
[0.119s] -- Up-to-date: /home/rishie/Documents/Semester-3/ENPM 700/Final Project/nav_guide_project/install/my_controller/share/my_controller/worlds/warehouse.world
[0.119s] -- Up-to-date: /home/rishie/Documents/Semester-3/ENPM 700/Final Project/nav_guide_project/install/my_controller/share/my_controller/worlds/empty_world.world
[0.119s] -- Up-to-date: /home/rishie/Documents/Semester-3/ENPM 700/Final Project/nav_guide_project/install/my_controller/share/my_controller/urdf
[0.119s] -- Up-to-date: /home/rishie/Documents/Semester-3/ENPM 700/Final Project/nav_guide_project/install/my_controller/share/my_controller/urdf/turtlebot3_waffle_pi.urdf
[0.119s] -- Up-to-date: /home/rishie/Documents/Semester-3/ENPM 700/Final Project/nav_guide_project/install/my_controller/lib/my_controller/run_me_for_fun.bash
[0.119s] -- Up-to-date: /home/rishie/Documents/Semester-3/ENPM 700/Final Project/nav_guide_project/install/my_controller/lib/my_controller/generate_coverage_report.bash
[0.119s] -- Up-to-date: /home/rishie/Documents/Semester-3/ENPM 700/Final Project/nav_guide_project/install/my_controller/share/ament_index/resource_index/package_run_dependencies/my_controller
[0.120s] -- Up-to-date: /home/rishie/Documents/Semester-3/ENPM 700/Final Project/nav_guide_project/install/my_controller/share/ament_index/resource_index/parent_prefix_path/my_controller
[0.120s] -- Up-to-date: /home/rishie/Documents/Semester-3/ENPM 700/Final Project/nav_guide_project/install/my_controller/share/my_controller/environment/ament_prefix_path.sh
[0.120s] -- Up-to-date: /home/rishie/Documents/Semester-3/ENPM 700/Final Project/nav_guide_project/install/my_controller/share/my_controller/environment/ament_prefix_path.dsv
[0.120s] -- Up-to-date: /home/rishie/Documents/Semester-3/ENPM 700/Final Project/nav_guide_project/install/my_controller/share/my_controller/environment/path.sh
[0.120s] -- Up-to-date: /home/rishie/Documents/Semester-3/ENPM 700/Final Project/nav_guide_project/install/my_controller/share/my_controller/environment/path.dsv
[0.120s] -- Up-to-date: /home/rishie/Documents/Semester-3/ENPM 700/Final Project/nav_guide_project/install/my_controller/share/my_controller/local_setup.bash
[0.120s] -- Up-to-date: /home/rishie/Documents/Semester-3/ENPM 700/Final Project/nav_guide_project/install/my_controller/share/my_controller/local_setup.sh
[0.120s] -- Up-to-date: /home/rishie/Documents/Semester-3/ENPM 700/Final Project/nav_guide_project/install/my_controller/share/my_controller/local_setup.zsh
[0.120s] -- Up-to-date: /home/rishie/Documents/Semester-3/ENPM 700/Final Project/nav_guide_project/install/my_controller/share/my_controller/local_setup.dsv
[0.120s] -- Installing: /home/rishie/Documents/Semester-3/ENPM 700/Final Project/nav_guide_project/install/my_controller/share/my_controller/package.dsv
[0.120s] -- Up-to-date: /home/rishie/Documents/Semester-3/ENPM 700/Final Project/nav_guide_project/install/my_controller/share/ament_index/resource_index/packages/my_controller
[0.120s] -- Up-to-date: /home/rishie/Documents/Semester-3/ENPM 700/Final Project/nav_guide_project/install/my_controller/share/my_controller/cmake/my_controllerConfig.cmake
[0.120s] -- Up-to-date: /home/rishie/Documents/Semester-3/ENPM 700/Final Project/nav_guide_project/install/my_controller/share/my_controller/cmake/my_controllerConfig-version.cmake
[0.120s] -- Up-to-date: /home/rishie/Documents/Semester-3/ENPM 700/Final Project/nav_guide_project/install/my_controller/share/my_controller/package.xml
[0.122s] Invoked command in '/home/rishie/Documents/Semester-3/ENPM 700/Final Project/nav_guide_project/build/my_controller' returned '0': CMAKE_PREFIX_PATH=${CMAKE_PREFIX_PATH}:/opt/ros/humble PS1=\n\t \[\033[32m\]\w\[\033[33m\]$(GIT_PS1_SHOWUNTRACKEDFILES=1 GIT_PS1_SHOWDIRTYSTATE=1 __git_ps1)\[\033[00m\] $ /usr/bin/cmake --install /home/rishie/Documents/Semester-3/ENPM 700/Final Project/nav_guide_project/build/my_controller
