-- The C compiler identification is GNU 11.4.0
-- The CXX compiler identification is GNU 11.4.0
-- Detecting C compiler ABI info
-- Detecting C compiler ABI info - done
-- Check for working C compiler: /usr/bin/cc - skipped
-- Detecting C compile features
-- Detecting C compile features - done
-- Detecting CXX compiler ABI info
-- Detecting CXX compiler ABI info - done
-- Check for working CXX compiler: /usr/bin/c++ - skipped
-- Detecting CXX compile features
-- Detecting CXX compile features - done
-- Found OpenCV: /usr (found version "4.5.4") 
-- Found GTest: /usr/lib/x86_64-linux-gnu/cmake/GTest/GTestConfig.cmake (found version "1.11.0")  
-- Found Doxygen: /usr/bin/doxygen (found version "1.9.1") found components: doxygen dot 
-- Found rclcpp: 16.0.10 (/opt/ros/humble/share/rclcpp/cmake)
-- Found Python3: /usr/bin/python3 (found version "3.10.12") found components: Interpreter 
-- Found rosidl_generator_c: 3.1.5 (/opt/ros/humble/share/rosidl_generator_c/cmake)
-- Found rosidl_adapter: 3.1.5 (/opt/ros/humble/share/rosidl_adapter/cmake)
-- Found rosidl_generator_cpp: 3.1.5 (/opt/ros/humble/share/rosidl_generator_cpp/cmake)
-- Using all available rosidl_typesupport_c: rosidl_typesupport_fastrtps_c;rosidl_typesupport_introspection_c
-- Using all available rosidl_typesupport_cpp: rosidl_typesupport_fastrtps_cpp;rosidl_typesupport_introspection_cpp
-- Found rmw_implementation_cmake: 6.1.2 (/opt/ros/humble/share/rmw_implementation_cmake/cmake)
-- Found rmw_fastrtps_cpp: 6.2.7 (/opt/ros/humble/share/rmw_fastrtps_cpp/cmake)
-- Found OpenSSL: /usr/lib/x86_64-linux-gnu/libcrypto.so (found version "3.0.2")  
-- Found FastRTPS: /opt/ros/humble/include  
-- Using RMW implementation 'rmw_fastrtps_cpp' as default
-- Found Threads: TRUE  
-- CMAKE_BUILD_TYPE = 
-- WANT_COVERAGE    = OFF
-- Configuring done
-- Generating done
-- Build files have been written to: /home/rishie/Documents/Semester-3/ENPM 700/Final Project/nav_guide_project/build/my_model
[  5%] [32mBuilding CXX object libs/RVO2/src/CMakeFiles/RVO.dir/Agent.cpp.o[0m
[ 17%] [32mBuilding CXX object libs/RVO2/src/CMakeFiles/RVO.dir/KdTree.cpp.o[0m
[ 17%] [32mBuilding CXX object libs/RVO2/src/CMakeFiles/RVO.dir/Obstacle.cpp.o[0m
[ 23%] [32mBuilding CXX object libs/RVO2/src/CMakeFiles/RVO.dir/RVOSimulator.cpp.o[0m
[ 29%] [32m[1mLinking CXX shared library libRVO.so[0m
[ 29%] Built target RVO
[ 41%] [32mBuilding CXX object CMakeFiles/my_model.dir/src/workspace.cpp.o[0m
[ 41%] [32mBuilding CXX object CMakeFiles/my_model.dir/src/robot.cpp.o[0m
[ 47%] [32mBuilding CXX object libs/RVO2/examples/CMakeFiles/Blocks.dir/Blocks.cpp.o[0m
[ 52%] [32mBuilding CXX object libs/RVO2/examples/CMakeFiles/Roadmap.dir/Roadmap.cpp.o[0m
[ 58%] [32mBuilding CXX object libs/RVO2/examples/CMakeFiles/Circle.dir/Circle.cpp.o[0m
[ 64%] [32m[1mLinking CXX executable Circle[0m
[ 70%] [32m[1mLinking CXX executable Blocks[0m
[ 70%] Built target Circle
[ 70%] Built target Blocks
[ 76%] [32m[1mLinking CXX static library libmy_model.a[0m
[ 82%] [32m[1mLinking CXX executable Roadmap[0m
[ 82%] Built target my_model
[ 94%] [32mBuilding CXX object test/CMakeFiles/my_model_tester.dir/test.cpp.o[0m
[ 94%] [32mBuilding CXX object test/CMakeFiles/my_model_tester.dir/main.cpp.o[0m
[ 94%] Built target Roadmap
[100%] [32m[1mLinking CXX executable my_model_tester[0m
[100%] Built target my_model_tester
-- Install configuration: ""
-- Installing: /home/rishie/Documents/Semester-3/ENPM 700/Final Project/nav_guide_project/install/my_model/include/RVO.h
-- Installing: /home/rishie/Documents/Semester-3/ENPM 700/Final Project/nav_guide_project/install/my_model/include/RVOSimulator.h
-- Installing: /home/rishie/Documents/Semester-3/ENPM 700/Final Project/nav_guide_project/install/my_model/include/Vector2.h
-- Installing: /home/rishie/Documents/Semester-3/ENPM 700/Final Project/nav_guide_project/install/my_model/lib/libRVO.so
-- Installing: /home/rishie/Documents/Semester-3/ENPM 700/Final Project/nav_guide_project/install/my_model/bin/Blocks
-- Set runtime path of "/home/rishie/Documents/Semester-3/ENPM 700/Final Project/nav_guide_project/install/my_model/bin/Blocks" to ""
-- Installing: /home/rishie/Documents/Semester-3/ENPM 700/Final Project/nav_guide_project/install/my_model/bin/Circle
-- Set runtime path of "/home/rishie/Documents/Semester-3/ENPM 700/Final Project/nav_guide_project/install/my_model/bin/Circle" to ""
-- Installing: /home/rishie/Documents/Semester-3/ENPM 700/Final Project/nav_guide_project/install/my_model/bin/Roadmap
-- Set runtime path of "/home/rishie/Documents/Semester-3/ENPM 700/Final Project/nav_guide_project/install/my_model/bin/Roadmap" to ""
-- Installing: /home/rishie/Documents/Semester-3/ENPM 700/Final Project/nav_guide_project/install/my_model/lib/my_model/libmy_model.a
-- Installing: /home/rishie/Documents/Semester-3/ENPM 700/Final Project/nav_guide_project/install/my_model/lib/my_model/libRVO.so
-- Installing: /home/rishie/Documents/Semester-3/ENPM 700/Final Project/nav_guide_project/install/my_model/include/robot.hpp
-- Installing: /home/rishie/Documents/Semester-3/ENPM 700/Final Project/nav_guide_project/install/my_model/include/workspace.hpp
-- Installing: /home/rishie/Documents/Semester-3/ENPM 700/Final Project/nav_guide_project/install/my_model/share/my_model/cmake/my_model-export.cmake
-- Installing: /home/rishie/Documents/Semester-3/ENPM 700/Final Project/nav_guide_project/install/my_model/share/my_model/cmake/my_model-export-noconfig.cmake
