[0.008s] Invoking command in '/home/rishie/Documents/Semester-3/ENPM 700/Final Project/nav_guide_project/build/my_controller': CMAKE_PREFIX_PATH=/opt/ros/humble LD_LIBRARY_PATH=/home/rishie/Documents/Semester-3/ENPM 700/Final Project/nav_guide_project/install/my_model/lib:${LD_LIBRARY_PATH} PATH=/home/rishie/Documents/Semester-3/ENPM 700/Final Project/nav_guide_project/install/my_model/bin:${PATH} PS1=\n\t \[\033[32m\]\w\[\033[33m\]$(GIT_PS1_SHOWUNTRACKEDFILES=1 GIT_PS1_SHOWDIRTYSTATE=1 __git_ps1)\[\033[00m\] $ /usr/bin/cmake --build /home/rishie/Documents/Semester-3/ENPM 700/Final Project/nav_guide_project/build/my_controller -- -j16 -l16
[0.057s] [35m[1mConsolidate compiler generated dependencies of target robot_commander[0m
[0.067s] [ 25%] Built target gtest_main
[0.068s] [ 50%] Built target gtest
[0.076s] [ 62%] [32mBuilding CXX object CMakeFiles/robot_commander.dir/src/main.cpp.o[0m
[0.095s] [ 87%] Built target my_controller_test
[6.864s] [100%] [32m[1mLinking CXX executable robot_commander[0m
[7.533s] [100%] Built target robot_commander
[7.547s] Invoked command in '/home/rishie/Documents/Semester-3/ENPM 700/Final Project/nav_guide_project/build/my_controller' returned '0': CMAKE_PREFIX_PATH=/opt/ros/humble LD_LIBRARY_PATH=/home/rishie/Documents/Semester-3/ENPM 700/Final Project/nav_guide_project/install/my_model/lib:${LD_LIBRARY_PATH} PATH=/home/rishie/Documents/Semester-3/ENPM 700/Final Project/nav_guide_project/install/my_model/bin:${PATH} PS1=\n\t \[\033[32m\]\w\[\033[33m\]$(GIT_PS1_SHOWUNTRACKEDFILES=1 GIT_PS1_SHOWDIRTYSTATE=1 __git_ps1)\[\033[00m\] $ /usr/bin/cmake --build /home/rishie/Documents/Semester-3/ENPM 700/Final Project/nav_guide_project/build/my_controller -- -j16 -l16
[7.549s] Invoking command in '/home/rishie/Documents/Semester-3/ENPM 700/Final Project/nav_guide_project/build/my_controller': CMAKE_PREFIX_PATH=/opt/ros/humble LD_LIBRARY_PATH=/home/rishie/Documents/Semester-3/ENPM 700/Final Project/nav_guide_project/install/my_model/lib:${LD_LIBRARY_PATH} PATH=/home/rishie/Documents/Semester-3/ENPM 700/Final Project/nav_guide_project/install/my_model/bin:${PATH} PS1=\n\t \[\033[32m\]\w\[\033[33m\]$(GIT_PS1_SHOWUNTRACKEDFILES=1 GIT_PS1_SHOWDIRTYSTATE=1 __git_ps1)\[\033[00m\] $ /usr/bin/cmake --install /home/rishie/Documents/Semester-3/ENPM 700/Final Project/nav_guide_project/build/my_controller
[7.557s] -- Install configuration: ""
[7.558s] -- Installing: /home/rishie/Documents/Semester-3/ENPM 700/Final Project/nav_guide_project/install/my_controller/lib/my_controller/robot_commander
[7.561s] -- Set runtime path of "/home/rishie/Documents/Semester-3/ENPM 700/Final Project/nav_guide_project/install/my_controller/lib/my_controller/robot_commander" to ""
[7.561s] -- Installing: /home/rishie/Documents/Semester-3/ENPM 700/Final Project/nav_guide_project/install/my_controller/share/my_controller/launch
[7.562s] -- Installing: /home/rishie/Documents/Semester-3/ENPM 700/Final Project/nav_guide_project/install/my_controller/share/my_controller/launch/gazebo.launch.py
[7.562s] -- Installing: /home/rishie/Documents/Semester-3/ENPM 700/Final Project/nav_guide_project/install/my_controller/share/my_controller/launch/robot_state_publisher.launch.py
[7.562s] -- Installing: /home/rishie/Documents/Semester-3/ENPM 700/Final Project/nav_guide_project/install/my_controller/share/my_controller/launch/run_demo.launch.py
[7.562s] -- Installing: /home/rishie/Documents/Semester-3/ENPM 700/Final Project/nav_guide_project/install/my_controller/share/my_controller/models
[7.562s] -- Installing: /home/rishie/Documents/Semester-3/ENPM 700/Final Project/nav_guide_project/install/my_controller/share/my_controller/models/turtlebot3_waffle_pi
[7.562s] -- Installing: /home/rishie/Documents/Semester-3/ENPM 700/Final Project/nav_guide_project/install/my_controller/share/my_controller/models/turtlebot3_waffle_pi/model-1_4_.sdf
[7.563s] -- Installing: /home/rishie/Documents/Semester-3/ENPM 700/Final Project/nav_guide_project/install/my_controller/share/my_controller/models/turtlebot3_waffle_pi/model.config
[7.563s] -- Installing: /home/rishie/Documents/Semester-3/ENPM 700/Final Project/nav_guide_project/install/my_controller/share/my_controller/models/turtlebot3_waffle_pi/model.sdf
[7.563s] -- Installing: /home/rishie/Documents/Semester-3/ENPM 700/Final Project/nav_guide_project/install/my_controller/share/my_controller/worlds
[7.563s] -- Installing: /home/rishie/Documents/Semester-3/ENPM 700/Final Project/nav_guide_project/install/my_controller/share/my_controller/worlds/warehouse.world
[7.563s] -- Installing: /home/rishie/Documents/Semester-3/ENPM 700/Final Project/nav_guide_project/install/my_controller/share/my_controller/worlds/empty_world.world
[7.563s] -- Installing: /home/rishie/Documents/Semester-3/ENPM 700/Final Project/nav_guide_project/install/my_controller/share/my_controller/urdf
[7.563s] -- Installing: /home/rishie/Documents/Semester-3/ENPM 700/Final Project/nav_guide_project/install/my_controller/share/my_controller/urdf/turtlebot3_waffle_pi.urdf
[7.563s] -- Installing: /home/rishie/Documents/Semester-3/ENPM 700/Final Project/nav_guide_project/install/my_controller/lib/my_controller/run_me_for_fun.bash
[7.563s] -- Installing: /home/rishie/Documents/Semester-3/ENPM 700/Final Project/nav_guide_project/install/my_controller/lib/my_controller/generate_coverage_report.bash
[7.563s] -- Installing: /home/rishie/Documents/Semester-3/ENPM 700/Final Project/nav_guide_project/install/my_controller/share/ament_index/resource_index/package_run_dependencies/my_controller
[7.563s] -- Installing: /home/rishie/Documents/Semester-3/ENPM 700/Final Project/nav_guide_project/install/my_controller/share/ament_index/resource_index/parent_prefix_path/my_controller
[7.564s] -- Installing: /home/rishie/Documents/Semester-3/ENPM 700/Final Project/nav_guide_project/install/my_controller/share/my_controller/environment/ament_prefix_path.sh
[7.564s] -- Installing: /home/rishie/Documents/Semester-3/ENPM 700/Final Project/nav_guide_project/install/my_controller/share/my_controller/environment/ament_prefix_path.dsv
[7.564s] -- Installing: /home/rishie/Documents/Semester-3/ENPM 700/Final Project/nav_guide_project/install/my_controller/share/my_controller/environment/path.sh
[7.564s] -- Installing: /home/rishie/Documents/Semester-3/ENPM 700/Final Project/nav_guide_project/install/my_controller/share/my_controller/environment/path.dsv
[7.564s] -- Installing: /home/rishie/Documents/Semester-3/ENPM 700/Final Project/nav_guide_project/install/my_controller/share/my_controller/local_setup.bash
[7.564s] -- Installing: /home/rishie/Documents/Semester-3/ENPM 700/Final Project/nav_guide_project/install/my_controller/share/my_controller/local_setup.sh
[7.564s] -- Installing: /home/rishie/Documents/Semester-3/ENPM 700/Final Project/nav_guide_project/install/my_controller/share/my_controller/local_setup.zsh
[7.565s] -- Installing: /home/rishie/Documents/Semester-3/ENPM 700/Final Project/nav_guide_project/install/my_controller/share/my_controller/local_setup.dsv
[7.565s] -- Installing: /home/rishie/Documents/Semester-3/ENPM 700/Final Project/nav_guide_project/install/my_controller/share/my_controller/package.dsv
[7.565s] -- Installing: /home/rishie/Documents/Semester-3/ENPM 700/Final Project/nav_guide_project/install/my_controller/share/ament_index/resource_index/packages/my_controller
[7.565s] -- Installing: /home/rishie/Documents/Semester-3/ENPM 700/Final Project/nav_guide_project/install/my_controller/share/my_controller/cmake/my_controllerConfig.cmake
[7.565s] -- Installing: /home/rishie/Documents/Semester-3/ENPM 700/Final Project/nav_guide_project/install/my_controller/share/my_controller/cmake/my_controllerConfig-version.cmake
[7.565s] -- Installing: /home/rishie/Documents/Semester-3/ENPM 700/Final Project/nav_guide_project/install/my_controller/share/my_controller/package.xml
[7.568s] Invoked command in '/home/rishie/Documents/Semester-3/ENPM 700/Final Project/nav_guide_project/build/my_controller' returned '0': CMAKE_PREFIX_PATH=/opt/ros/humble LD_LIBRARY_PATH=/home/rishie/Documents/Semester-3/ENPM 700/Final Project/nav_guide_project/install/my_model/lib:${LD_LIBRARY_PATH} PATH=/home/rishie/Documents/Semester-3/ENPM 700/Final Project/nav_guide_project/install/my_model/bin:${PATH} PS1=\n\t \[\033[32m\]\w\[\033[33m\]$(GIT_PS1_SHOWUNTRACKEDFILES=1 GIT_PS1_SHOWDIRTYSTATE=1 __git_ps1)\[\033[00m\] $ /usr/bin/cmake --install /home/rishie/Documents/Semester-3/ENPM 700/Final Project/nav_guide_project/build/my_controller
