[35m[1mConsolidate compiler generated dependencies of target RVO[0m
[ 29%] Built target RVO
[35m[1mConsolidate compiler generated dependencies of target Blocks[0m
[35m[1mConsolidate compiler generated dependencies of target my_model[0m
[35m[1mConsolidate compiler generated dependencies of target Roadmap[0m
[35m[1mConsolidate compiler generated dependencies of target Circle[0m
[ 82%] Built target Roadmap
[ 82%] Built target Blocks
[ 82%] Built target Circle
[ 82%] Built target my_model
[35m[1mConsolidate compiler generated dependencies of target my_model_tester[0m
[100%] Built target my_model_tester
-- Install configuration: ""
-- Up-to-date: /home/rishie/Documents/Semester-3/ENPM 700/Final Project/nav_guide_project/install/my_model/include/RVO.h
-- Up-to-date: /home/rishie/Documents/Semester-3/ENPM 700/Final Project/nav_guide_project/install/my_model/include/RVOSimulator.h
-- Up-to-date: /home/rishie/Documents/Semester-3/ENPM 700/Final Project/nav_guide_project/install/my_model/include/Vector2.h
-- Up-to-date: /home/rishie/Documents/Semester-3/ENPM 700/Final Project/nav_guide_project/install/my_model/lib/libRVO.so
-- Up-to-date: /home/rishie/Documents/Semester-3/ENPM 700/Final Project/nav_guide_project/install/my_model/bin/Blocks
-- Up-to-date: /home/rishie/Documents/Semester-3/ENPM 700/Final Project/nav_guide_project/install/my_model/bin/Circle
-- Up-to-date: /home/rishie/Documents/Semester-3/ENPM 700/Final Project/nav_guide_project/install/my_model/bin/Roadmap
-- Up-to-date: /home/rishie/Documents/Semester-3/ENPM 700/Final Project/nav_guide_project/install/my_model/lib/my_model/libmy_model.a
-- Up-to-date: /home/rishie/Documents/Semester-3/ENPM 700/Final Project/nav_guide_project/install/my_model/lib/my_model/libRVO.so
-- Up-to-date: /home/rishie/Documents/Semester-3/ENPM 700/Final Project/nav_guide_project/install/my_model/include/robot.hpp
-- Up-to-date: /home/rishie/Documents/Semester-3/ENPM 700/Final Project/nav_guide_project/install/my_model/include/workspace.hpp
-- Up-to-date: /home/rishie/Documents/Semester-3/ENPM 700/Final Project/nav_guide_project/install/my_model/share/my_model/cmake/my_model-export.cmake
-- Up-to-date: /home/rishie/Documents/Semester-3/ENPM 700/Final Project/nav_guide_project/install/my_model/share/my_model/cmake/my_model-export-noconfig.cmake
