[0.011s] Invoking command in '/home/rishie/Documents/Semester-3/ENPM 700/Final Project/nav_guide_project/build/my_model': PS1=\n\t \[\033[32m\]\w\[\033[33m\]$(GIT_PS1_SHOWUNTRACKEDFILES=1 GIT_PS1_SHOWDIRTYSTATE=1 __git_ps1)\[\033[00m\] $ /usr/bin/cmake --build /home/rishie/Documents/Semester-3/ENPM 700/Final Project/nav_guide_project/build/my_model -- -j16 -l16
[0.052s] [35m[1mConsolidate compiler generated dependencies of target RVO[0m
[0.067s] [ 29%] Built target RVO
[0.078s] [35m[1mConsolidate compiler generated dependencies of target Blocks[0m
[0.078s] [35m[1mConsolidate compiler generated dependencies of target my_model[0m
[0.078s] [35m[1mConsolidate compiler generated dependencies of target Roadmap[0m
[0.078s] [35m[1mConsolidate compiler generated dependencies of target Circle[0m
[0.090s] [ 82%] Built target Roadmap
[0.090s] [ 82%] Built target Blocks
[0.091s] [ 82%] Built target Circle
[0.091s] [ 82%] Built target my_model
[0.102s] [35m[1mConsolidate compiler generated dependencies of target my_model_tester[0m
[0.118s] [100%] Built target my_model_tester
[0.132s] Invoked command in '/home/rishie/Documents/Semester-3/ENPM 700/Final Project/nav_guide_project/build/my_model' returned '0': PS1=\n\t \[\033[32m\]\w\[\033[33m\]$(GIT_PS1_SHOWUNTRACKEDFILES=1 GIT_PS1_SHOWDIRTYSTATE=1 __git_ps1)\[\033[00m\] $ /usr/bin/cmake --build /home/rishie/Documents/Semester-3/ENPM 700/Final Project/nav_guide_project/build/my_model -- -j16 -l16
[0.143s] Invoking command in '/home/rishie/Documents/Semester-3/ENPM 700/Final Project/nav_guide_project/build/my_model': PS1=\n\t \[\033[32m\]\w\[\033[33m\]$(GIT_PS1_SHOWUNTRACKEDFILES=1 GIT_PS1_SHOWDIRTYSTATE=1 __git_ps1)\[\033[00m\] $ /usr/bin/cmake --install /home/rishie/Documents/Semester-3/ENPM 700/Final Project/nav_guide_project/build/my_model
[0.150s] -- Install configuration: ""
[0.150s] -- Up-to-date: /home/rishie/Documents/Semester-3/ENPM 700/Final Project/nav_guide_project/install/my_model/include/RVO.h
[0.150s] -- Up-to-date: /home/rishie/Documents/Semester-3/ENPM 700/Final Project/nav_guide_project/install/my_model/include/RVOSimulator.h
[0.151s] -- Up-to-date: /home/rishie/Documents/Semester-3/ENPM 700/Final Project/nav_guide_project/install/my_model/include/Vector2.h
[0.151s] -- Up-to-date: /home/rishie/Documents/Semester-3/ENPM 700/Final Project/nav_guide_project/install/my_model/lib/libRVO.so
[0.151s] -- Up-to-date: /home/rishie/Documents/Semester-3/ENPM 700/Final Project/nav_guide_project/install/my_model/bin/Blocks
[0.151s] -- Up-to-date: /home/rishie/Documents/Semester-3/ENPM 700/Final Project/nav_guide_project/install/my_model/bin/Circle
[0.151s] -- Up-to-date: /home/rishie/Documents/Semester-3/ENPM 700/Final Project/nav_guide_project/install/my_model/bin/Roadmap
[0.151s] -- Up-to-date: /home/rishie/Documents/Semester-3/ENPM 700/Final Project/nav_guide_project/install/my_model/lib/my_model/libmy_model.a
[0.152s] -- Up-to-date: /home/rishie/Documents/Semester-3/ENPM 700/Final Project/nav_guide_project/install/my_model/lib/my_model/libRVO.so
[0.152s] -- Up-to-date: /home/rishie/Documents/Semester-3/ENPM 700/Final Project/nav_guide_project/install/my_model/include/robot.hpp
[0.152s] -- Up-to-date: /home/rishie/Documents/Semester-3/ENPM 700/Final Project/nav_guide_project/install/my_model/include/workspace.hpp
[0.152s] -- Up-to-date: /home/rishie/Documents/Semester-3/ENPM 700/Final Project/nav_guide_project/install/my_model/share/my_model/cmake/my_model-export.cmake
[0.152s] -- Up-to-date: /home/rishie/Documents/Semester-3/ENPM 700/Final Project/nav_guide_project/install/my_model/share/my_model/cmake/my_model-export-noconfig.cmake
[0.154s] Invoked command in '/home/rishie/Documents/Semester-3/ENPM 700/Final Project/nav_guide_project/build/my_model' returned '0': PS1=\n\t \[\033[32m\]\w\[\033[33m\]$(GIT_PS1_SHOWUNTRACKEDFILES=1 GIT_PS1_SHOWDIRTYSTATE=1 __git_ps1)\[\033[00m\] $ /usr/bin/cmake --install /home/rishie/Documents/Semester-3/ENPM 700/Final Project/nav_guide_project/build/my_model
