[0.084s] DEBUG:colcon:Command line arguments: ['/usr/bin/colcon', 'build']
[0.084s] DEBUG:colcon:Parsed command line arguments: Namespace(log_base=None, log_level=None, verb_name='build', build_base='build', install_base='install', merge_install=False, symlink_install=False, test_result_base=None, continue_on_error=False, executor='parallel', parallel_workers=16, event_handlers=None, ignore_user_meta=False, metas=['./colcon.meta'], base_paths=['.'], packages_ignore=None, packages_ignore_regex=None, paths=None, packages_up_to=None, packages_up_to_regex=None, packages_above=None, packages_above_and_dependencies=None, packages_above_depth=None, packages_select_by_dep=None, packages_skip_by_dep=None, packages_skip_up_to=None, packages_select_build_failed=False, packages_skip_build_finished=False, packages_select_test_failures=False, packages_skip_test_passed=False, packages_select=None, packages_skip=None, packages_select_regex=None, packages_skip_regex=None, packages_start=None, packages_end=None, allow_overriding=[], cmake_args=None, cmake_target=None, cmake_target_skip_unavailable=False, cmake_clean_cache=False, cmake_clean_first=False, cmake_force_configure=False, ament_cmake_args=None, catkin_cmake_args=None, catkin_skip_building_tests=False, verb_parser=<colcon_defaults.argument_parser.defaults.DefaultArgumentsDecorator object at 0x70ac0a50af80>, verb_extension=<colcon_core.verb.build.BuildVerb object at 0x70ac0a688ac0>, main=<bound method BuildVerb.main of <colcon_core.verb.build.BuildVerb object at 0x70ac0a688ac0>>)
[0.237s] Level 1:colcon.colcon_core.package_discovery:discover_packages(colcon_meta) check parameters
[0.238s] Level 1:colcon.colcon_core.package_discovery:discover_packages(recursive) check parameters
[0.238s] Level 1:colcon.colcon_core.package_discovery:discover_packages(ignore) check parameters
[0.238s] Level 1:colcon.colcon_core.package_discovery:discover_packages(path) check parameters
[0.238s] Level 1:colcon.colcon_core.package_discovery:discover_packages(colcon_meta) discover
[0.238s] Level 1:colcon.colcon_core.package_discovery:discover_packages(recursive) discover
[0.238s] INFO:colcon.colcon_core.package_discovery:Crawling recursively for packages in '/home/rishie/Documents/Semester-3/ENPM 700/Final Project/nav_guide_project'
[0.238s] Level 1:colcon.colcon_core.package_identification:_identify(.) by extensions ['ignore', 'ignore_ament_install']
[0.238s] Level 1:colcon.colcon_core.package_identification:_identify(.) by extension 'ignore'
[0.238s] Level 1:colcon.colcon_core.package_identification:_identify(.) by extension 'ignore_ament_install'
[0.238s] Level 1:colcon.colcon_core.package_identification:_identify(.) by extensions ['colcon_pkg']
[0.238s] Level 1:colcon.colcon_core.package_identification:_identify(.) by extension 'colcon_pkg'
[0.238s] Level 1:colcon.colcon_core.package_identification:_identify(.) by extensions ['colcon_meta']
[0.238s] Level 1:colcon.colcon_core.package_identification:_identify(.) by extension 'colcon_meta'
[0.238s] Level 1:colcon.colcon_core.package_identification:_identify(.) by extensions ['ros']
[0.238s] Level 1:colcon.colcon_core.package_identification:_identify(.) by extension 'ros'
[0.257s] Level 1:colcon.colcon_core.package_identification:_identify(.) by extensions ['cmake', 'python']
[0.257s] Level 1:colcon.colcon_core.package_identification:_identify(.) by extension 'cmake'
[0.257s] Level 1:colcon.colcon_core.package_identification:_identify(.) by extension 'python'
[0.257s] Level 1:colcon.colcon_core.package_identification:_identify(.) by extensions ['python_setup_py']
[0.257s] Level 1:colcon.colcon_core.package_identification:_identify(.) by extension 'python_setup_py'
[0.257s] Level 1:colcon.colcon_core.package_identification:_identify(UML) by extensions ['ignore', 'ignore_ament_install']
[0.257s] Level 1:colcon.colcon_core.package_identification:_identify(UML) by extension 'ignore'
[0.257s] Level 1:colcon.colcon_core.package_identification:_identify(UML) by extension 'ignore_ament_install'
[0.257s] Level 1:colcon.colcon_core.package_identification:_identify(UML) by extensions ['colcon_pkg']
[0.257s] Level 1:colcon.colcon_core.package_identification:_identify(UML) by extension 'colcon_pkg'
[0.257s] Level 1:colcon.colcon_core.package_identification:_identify(UML) by extensions ['colcon_meta']
[0.257s] Level 1:colcon.colcon_core.package_identification:_identify(UML) by extension 'colcon_meta'
[0.257s] Level 1:colcon.colcon_core.package_identification:_identify(UML) by extensions ['ros']
[0.257s] Level 1:colcon.colcon_core.package_identification:_identify(UML) by extension 'ros'
[0.257s] Level 1:colcon.colcon_core.package_identification:_identify(UML) by extensions ['cmake', 'python']
[0.257s] Level 1:colcon.colcon_core.package_identification:_identify(UML) by extension 'cmake'
[0.257s] Level 1:colcon.colcon_core.package_identification:_identify(UML) by extension 'python'
[0.258s] Level 1:colcon.colcon_core.package_identification:_identify(UML) by extensions ['python_setup_py']
[0.258s] Level 1:colcon.colcon_core.package_identification:_identify(UML) by extension 'python_setup_py'
[0.258s] Level 1:colcon.colcon_core.package_identification:_identify(UML/initial) by extensions ['ignore', 'ignore_ament_install']
[0.258s] Level 1:colcon.colcon_core.package_identification:_identify(UML/initial) by extension 'ignore'
[0.258s] Level 1:colcon.colcon_core.package_identification:_identify(UML/initial) by extension 'ignore_ament_install'
[0.258s] Level 1:colcon.colcon_core.package_identification:_identify(UML/initial) by extensions ['colcon_pkg']
[0.258s] Level 1:colcon.colcon_core.package_identification:_identify(UML/initial) by extension 'colcon_pkg'
[0.258s] Level 1:colcon.colcon_core.package_identification:_identify(UML/initial) by extensions ['colcon_meta']
[0.258s] Level 1:colcon.colcon_core.package_identification:_identify(UML/initial) by extension 'colcon_meta'
[0.258s] Level 1:colcon.colcon_core.package_identification:_identify(UML/initial) by extensions ['ros']
[0.258s] Level 1:colcon.colcon_core.package_identification:_identify(UML/initial) by extension 'ros'
[0.258s] Level 1:colcon.colcon_core.package_identification:_identify(UML/initial) by extensions ['cmake', 'python']
[0.258s] Level 1:colcon.colcon_core.package_identification:_identify(UML/initial) by extension 'cmake'
[0.258s] Level 1:colcon.colcon_core.package_identification:_identify(UML/initial) by extension 'python'
[0.258s] Level 1:colcon.colcon_core.package_identification:_identify(UML/initial) by extensions ['python_setup_py']
[0.258s] Level 1:colcon.colcon_core.package_identification:_identify(UML/initial) by extension 'python_setup_py'
[0.258s] Level 1:colcon.colcon_core.package_identification:_identify(UML/revised) by extensions ['ignore', 'ignore_ament_install']
[0.258s] Level 1:colcon.colcon_core.package_identification:_identify(UML/revised) by extension 'ignore'
[0.258s] Level 1:colcon.colcon_core.package_identification:_identify(UML/revised) by extension 'ignore_ament_install'
[0.258s] Level 1:colcon.colcon_core.package_identification:_identify(UML/revised) by extensions ['colcon_pkg']
[0.258s] Level 1:colcon.colcon_core.package_identification:_identify(UML/revised) by extension 'colcon_pkg'
[0.258s] Level 1:colcon.colcon_core.package_identification:_identify(UML/revised) by extensions ['colcon_meta']
[0.258s] Level 1:colcon.colcon_core.package_identification:_identify(UML/revised) by extension 'colcon_meta'
[0.258s] Level 1:colcon.colcon_core.package_identification:_identify(UML/revised) by extensions ['ros']
[0.258s] Level 1:colcon.colcon_core.package_identification:_identify(UML/revised) by extension 'ros'
[0.258s] Level 1:colcon.colcon_core.package_identification:_identify(UML/revised) by extensions ['cmake', 'python']
[0.258s] Level 1:colcon.colcon_core.package_identification:_identify(UML/revised) by extension 'cmake'
[0.259s] Level 1:colcon.colcon_core.package_identification:_identify(UML/revised) by extension 'python'
[0.259s] Level 1:colcon.colcon_core.package_identification:_identify(UML/revised) by extensions ['python_setup_py']
[0.259s] Level 1:colcon.colcon_core.package_identification:_identify(UML/revised) by extension 'python_setup_py'
[0.259s] Level 1:colcon.colcon_core.package_identification:_identify(build) by extensions ['ignore', 'ignore_ament_install']
[0.259s] Level 1:colcon.colcon_core.package_identification:_identify(build) by extension 'ignore'
[0.259s] Level 1:colcon.colcon_core.package_identification:_identify(build) ignored
[0.259s] Level 1:colcon.colcon_core.package_identification:_identify(install) by extensions ['ignore', 'ignore_ament_install']
[0.259s] Level 1:colcon.colcon_core.package_identification:_identify(install) by extension 'ignore'
[0.259s] Level 1:colcon.colcon_core.package_identification:_identify(install) ignored
[0.259s] Level 1:colcon.colcon_core.package_identification:_identify(log) by extensions ['ignore', 'ignore_ament_install']
[0.259s] Level 1:colcon.colcon_core.package_identification:_identify(log) by extension 'ignore'
[0.259s] Level 1:colcon.colcon_core.package_identification:_identify(log) ignored
[0.259s] Level 1:colcon.colcon_core.package_identification:_identify(proposal) by extensions ['ignore', 'ignore_ament_install']
[0.259s] Level 1:colcon.colcon_core.package_identification:_identify(proposal) by extension 'ignore'
[0.259s] Level 1:colcon.colcon_core.package_identification:_identify(proposal) by extension 'ignore_ament_install'
[0.259s] Level 1:colcon.colcon_core.package_identification:_identify(proposal) by extensions ['colcon_pkg']
[0.259s] Level 1:colcon.colcon_core.package_identification:_identify(proposal) by extension 'colcon_pkg'
[0.259s] Level 1:colcon.colcon_core.package_identification:_identify(proposal) by extensions ['colcon_meta']
[0.259s] Level 1:colcon.colcon_core.package_identification:_identify(proposal) by extension 'colcon_meta'
[0.259s] Level 1:colcon.colcon_core.package_identification:_identify(proposal) by extensions ['ros']
[0.259s] Level 1:colcon.colcon_core.package_identification:_identify(proposal) by extension 'ros'
[0.260s] Level 1:colcon.colcon_core.package_identification:_identify(proposal) by extensions ['cmake', 'python']
[0.260s] Level 1:colcon.colcon_core.package_identification:_identify(proposal) by extension 'cmake'
[0.260s] Level 1:colcon.colcon_core.package_identification:_identify(proposal) by extension 'python'
[0.260s] Level 1:colcon.colcon_core.package_identification:_identify(proposal) by extensions ['python_setup_py']
[0.260s] Level 1:colcon.colcon_core.package_identification:_identify(proposal) by extension 'python_setup_py'
[0.260s] Level 1:colcon.colcon_core.package_identification:_identify(src) by extensions ['ignore', 'ignore_ament_install']
[0.260s] Level 1:colcon.colcon_core.package_identification:_identify(src) by extension 'ignore'
[0.260s] Level 1:colcon.colcon_core.package_identification:_identify(src) by extension 'ignore_ament_install'
[0.260s] Level 1:colcon.colcon_core.package_identification:_identify(src) by extensions ['colcon_pkg']
[0.260s] Level 1:colcon.colcon_core.package_identification:_identify(src) by extension 'colcon_pkg'
[0.260s] Level 1:colcon.colcon_core.package_identification:_identify(src) by extensions ['colcon_meta']
[0.260s] Level 1:colcon.colcon_core.package_identification:_identify(src) by extension 'colcon_meta'
[0.260s] Level 1:colcon.colcon_core.package_identification:_identify(src) by extensions ['ros']
[0.260s] Level 1:colcon.colcon_core.package_identification:_identify(src) by extension 'ros'
[0.260s] Level 1:colcon.colcon_core.package_identification:_identify(src) by extensions ['cmake', 'python']
[0.260s] Level 1:colcon.colcon_core.package_identification:_identify(src) by extension 'cmake'
[0.260s] Level 1:colcon.colcon_core.package_identification:_identify(src) by extension 'python'
[0.260s] Level 1:colcon.colcon_core.package_identification:_identify(src) by extensions ['python_setup_py']
[0.260s] Level 1:colcon.colcon_core.package_identification:_identify(src) by extension 'python_setup_py'
[0.260s] Level 1:colcon.colcon_core.package_identification:_identify(src/my_controller) by extensions ['ignore', 'ignore_ament_install']
[0.260s] Level 1:colcon.colcon_core.package_identification:_identify(src/my_controller) by extension 'ignore'
[0.260s] Level 1:colcon.colcon_core.package_identification:_identify(src/my_controller) by extension 'ignore_ament_install'
[0.260s] Level 1:colcon.colcon_core.package_identification:_identify(src/my_controller) by extensions ['colcon_pkg']
[0.260s] Level 1:colcon.colcon_core.package_identification:_identify(src/my_controller) by extension 'colcon_pkg'
[0.260s] Level 1:colcon.colcon_core.package_identification:_identify(src/my_controller) by extensions ['colcon_meta']
[0.260s] Level 1:colcon.colcon_core.package_identification:_identify(src/my_controller) by extension 'colcon_meta'
[0.261s] Level 1:colcon.colcon_core.package_identification:_identify(src/my_controller) by extensions ['ros']
[0.261s] Level 1:colcon.colcon_core.package_identification:_identify(src/my_controller) by extension 'ros'
[0.263s] DEBUG:colcon.colcon_core.package_identification:Package 'src/my_controller' with type 'ros.ament_cmake' and name 'my_controller'
[0.263s] Level 1:colcon.colcon_core.package_identification:_identify(src/my_model) by extensions ['ignore', 'ignore_ament_install']
[0.263s] Level 1:colcon.colcon_core.package_identification:_identify(src/my_model) by extension 'ignore'
[0.263s] Level 1:colcon.colcon_core.package_identification:_identify(src/my_model) by extension 'ignore_ament_install'
[0.263s] Level 1:colcon.colcon_core.package_identification:_identify(src/my_model) by extensions ['colcon_pkg']
[0.263s] Level 1:colcon.colcon_core.package_identification:_identify(src/my_model) by extension 'colcon_pkg'
[0.263s] Level 1:colcon.colcon_core.package_identification:_identify(src/my_model) by extensions ['colcon_meta']
[0.263s] Level 1:colcon.colcon_core.package_identification:_identify(src/my_model) by extension 'colcon_meta'
[0.263s] Level 1:colcon.colcon_core.package_identification:_identify(src/my_model) by extensions ['ros']
[0.263s] Level 1:colcon.colcon_core.package_identification:_identify(src/my_model) by extension 'ros'
[0.263s] Level 1:colcon.colcon_core.package_identification:_identify(src/my_model) by extensions ['cmake', 'python']
[0.263s] Level 1:colcon.colcon_core.package_identification:_identify(src/my_model) by extension 'cmake'
[0.267s] Level 1:colcon.colcon_core.package_identification:_identify(src/my_model) by extension 'python'
[0.267s] DEBUG:colcon.colcon_core.package_identification:Package 'src/my_model' with type 'cmake' and name 'my_model'
[0.267s] Level 1:colcon.colcon_core.package_discovery:discover_packages(recursive) using defaults
[0.267s] Level 1:colcon.colcon_core.package_discovery:discover_packages(ignore) discover
[0.267s] Level 1:colcon.colcon_core.package_discovery:discover_packages(ignore) using defaults
[0.267s] Level 1:colcon.colcon_core.package_discovery:discover_packages(path) discover
[0.267s] Level 1:colcon.colcon_core.package_discovery:discover_packages(path) using defaults
[0.283s] Level 1:colcon.colcon_core.package_discovery:discover_packages(prefix_path) check parameters
[0.283s] Level 1:colcon.colcon_core.package_discovery:discover_packages(prefix_path) discover
[0.285s] DEBUG:colcon.colcon_installed_package_information.package_discovery:Found 432 installed packages in /opt/ros/humble
[0.287s] Level 1:colcon.colcon_core.package_discovery:discover_packages(prefix_path) using defaults
[0.327s] Level 5:colcon.colcon_core.verb:set package 'my_model' build argument 'cmake_args' from command line to 'None'
[0.327s] Level 5:colcon.colcon_core.verb:set package 'my_model' build argument 'cmake_target' from command line to 'None'
[0.327s] Level 5:colcon.colcon_core.verb:set package 'my_model' build argument 'cmake_target_skip_unavailable' from command line to 'False'
[0.327s] Level 5:colcon.colcon_core.verb:set package 'my_model' build argument 'cmake_clean_cache' from command line to 'False'
[0.327s] Level 5:colcon.colcon_core.verb:set package 'my_model' build argument 'cmake_clean_first' from command line to 'False'
[0.327s] Level 5:colcon.colcon_core.verb:set package 'my_model' build argument 'cmake_force_configure' from command line to 'False'
[0.327s] Level 5:colcon.colcon_core.verb:set package 'my_model' build argument 'ament_cmake_args' from command line to 'None'
[0.327s] Level 5:colcon.colcon_core.verb:set package 'my_model' build argument 'catkin_cmake_args' from command line to 'None'
[0.327s] Level 5:colcon.colcon_core.verb:set package 'my_model' build argument 'catkin_skip_building_tests' from command line to 'False'
[0.327s] DEBUG:colcon.colcon_core.verb:Building package 'my_model' with the following arguments: {'ament_cmake_args': None, 'build_base': '/home/rishie/Documents/Semester-3/ENPM 700/Final Project/nav_guide_project/build/my_model', 'catkin_cmake_args': None, 'catkin_skip_building_tests': False, 'cmake_args': None, 'cmake_clean_cache': False, 'cmake_clean_first': False, 'cmake_force_configure': False, 'cmake_target': None, 'cmake_target_skip_unavailable': False, 'install_base': '/home/rishie/Documents/Semester-3/ENPM 700/Final Project/nav_guide_project/install/my_model', 'merge_install': False, 'path': '/home/rishie/Documents/Semester-3/ENPM 700/Final Project/nav_guide_project/src/my_model', 'symlink_install': False, 'test_result_base': None}
[0.327s] Level 5:colcon.colcon_core.verb:set package 'my_controller' build argument 'cmake_args' from command line to 'None'
[0.327s] Level 5:colcon.colcon_core.verb:set package 'my_controller' build argument 'cmake_target' from command line to 'None'
[0.327s] Level 5:colcon.colcon_core.verb:set package 'my_controller' build argument 'cmake_target_skip_unavailable' from command line to 'False'
[0.327s] Level 5:colcon.colcon_core.verb:set package 'my_controller' build argument 'cmake_clean_cache' from command line to 'False'
[0.327s] Level 5:colcon.colcon_core.verb:set package 'my_controller' build argument 'cmake_clean_first' from command line to 'False'
[0.327s] Level 5:colcon.colcon_core.verb:set package 'my_controller' build argument 'cmake_force_configure' from command line to 'False'
[0.327s] Level 5:colcon.colcon_core.verb:set package 'my_controller' build argument 'ament_cmake_args' from command line to 'None'
[0.327s] Level 5:colcon.colcon_core.verb:set package 'my_controller' build argument 'catkin_cmake_args' from command line to 'None'
[0.327s] Level 5:colcon.colcon_core.verb:set package 'my_controller' build argument 'catkin_skip_building_tests' from command line to 'False'
[0.328s] DEBUG:colcon.colcon_core.verb:Building package 'my_controller' with the following arguments: {'ament_cmake_args': None, 'build_base': '/home/rishie/Documents/Semester-3/ENPM 700/Final Project/nav_guide_project/build/my_controller', 'catkin_cmake_args': None, 'catkin_skip_building_tests': False, 'cmake_args': None, 'cmake_clean_cache': False, 'cmake_clean_first': False, 'cmake_force_configure': False, 'cmake_target': None, 'cmake_target_skip_unavailable': False, 'install_base': '/home/rishie/Documents/Semester-3/ENPM 700/Final Project/nav_guide_project/install/my_controller', 'merge_install': False, 'path': '/home/rishie/Documents/Semester-3/ENPM 700/Final Project/nav_guide_project/src/my_controller', 'symlink_install': False, 'test_result_base': None}
[0.328s] INFO:colcon.colcon_core.executor:Executing jobs using 'parallel' executor
[0.328s] DEBUG:colcon.colcon_parallel_executor.executor.parallel:run_until_complete
[0.329s] INFO:colcon.colcon_cmake.task.cmake.build:Building CMake package in '/home/rishie/Documents/Semester-3/ENPM 700/Final Project/nav_guide_project/src/my_model'
[0.330s] INFO:colcon.colcon_core.plugin_system:Skipping extension 'colcon_core.shell.bat': Not used on non-Windows systems
[0.330s] INFO:colcon.colcon_core.shell:Skip shell extension 'powershell' for command environment: Not usable outside of PowerShell
[0.331s] DEBUG:colcon.colcon_core.shell:Skip shell extension 'dsv' for command environment
[0.340s] DEBUG:colcon.colcon_core.event_handler.log_command:Invoking command in '/home/rishie/Documents/Semester-3/ENPM 700/Final Project/nav_guide_project/build/my_model': PS1=\n\t \[\033[32m\]\w\[\033[33m\]$(GIT_PS1_SHOWUNTRACKEDFILES=1 GIT_PS1_SHOWDIRTYSTATE=1 __git_ps1)\[\033[00m\] $ /usr/bin/cmake --build /home/rishie/Documents/Semester-3/ENPM 700/Final Project/nav_guide_project/build/my_model -- -j16 -l16
[0.462s] DEBUG:colcon.colcon_core.event_handler.log_command:Invoked command in '/home/rishie/Documents/Semester-3/ENPM 700/Final Project/nav_guide_project/build/my_model' returned '0': PS1=\n\t \[\033[32m\]\w\[\033[33m\]$(GIT_PS1_SHOWUNTRACKEDFILES=1 GIT_PS1_SHOWDIRTYSTATE=1 __git_ps1)\[\033[00m\] $ /usr/bin/cmake --build /home/rishie/Documents/Semester-3/ENPM 700/Final Project/nav_guide_project/build/my_model -- -j16 -l16
[0.472s] DEBUG:colcon.colcon_core.event_handler.log_command:Invoking command in '/home/rishie/Documents/Semester-3/ENPM 700/Final Project/nav_guide_project/build/my_model': PS1=\n\t \[\033[32m\]\w\[\033[33m\]$(GIT_PS1_SHOWUNTRACKEDFILES=1 GIT_PS1_SHOWDIRTYSTATE=1 __git_ps1)\[\033[00m\] $ /usr/bin/cmake --install /home/rishie/Documents/Semester-3/ENPM 700/Final Project/nav_guide_project/build/my_model
[0.483s] Level 1:colcon.colcon_core.environment:create_environment_scripts_only(my_model)
[0.484s] DEBUG:colcon.colcon_core.event_handler.log_command:Invoked command in '/home/rishie/Documents/Semester-3/ENPM 700/Final Project/nav_guide_project/build/my_model' returned '0': PS1=\n\t \[\033[32m\]\w\[\033[33m\]$(GIT_PS1_SHOWUNTRACKEDFILES=1 GIT_PS1_SHOWDIRTYSTATE=1 __git_ps1)\[\033[00m\] $ /usr/bin/cmake --install /home/rishie/Documents/Semester-3/ENPM 700/Final Project/nav_guide_project/build/my_model
[0.485s] Level 1:colcon.colcon_core.environment:checking '/home/rishie/Documents/Semester-3/ENPM 700/Final Project/nav_guide_project/install/my_model' for CMake module files
[0.486s] Level 1:colcon.colcon_core.environment:checking '/home/rishie/Documents/Semester-3/ENPM 700/Final Project/nav_guide_project/install/my_model' for CMake config files
[0.486s] Level 1:colcon.colcon_core.environment:checking '/home/rishie/Documents/Semester-3/ENPM 700/Final Project/nav_guide_project/install/my_model/lib'
[0.486s] Level 1:colcon.colcon_core.shell:create_environment_hook('my_model', 'ld_library_path_lib')
[0.486s] INFO:colcon.colcon_core.shell:Creating environment hook '/home/rishie/Documents/Semester-3/ENPM 700/Final Project/nav_guide_project/install/my_model/share/my_model/hook/ld_library_path_lib.ps1'
[0.487s] INFO:colcon.colcon_core.shell:Creating environment descriptor '/home/rishie/Documents/Semester-3/ENPM 700/Final Project/nav_guide_project/install/my_model/share/my_model/hook/ld_library_path_lib.dsv'
[0.487s] INFO:colcon.colcon_core.shell:Creating environment hook '/home/rishie/Documents/Semester-3/ENPM 700/Final Project/nav_guide_project/install/my_model/share/my_model/hook/ld_library_path_lib.sh'
[0.488s] Level 1:colcon.colcon_core.environment:checking '/home/rishie/Documents/Semester-3/ENPM 700/Final Project/nav_guide_project/install/my_model/bin'
[0.488s] Level 1:colcon.colcon_core.shell:create_environment_hook('my_model', 'path')
[0.488s] INFO:colcon.colcon_core.shell:Creating environment hook '/home/rishie/Documents/Semester-3/ENPM 700/Final Project/nav_guide_project/install/my_model/share/my_model/hook/path.ps1'
[0.489s] INFO:colcon.colcon_core.shell:Creating environment descriptor '/home/rishie/Documents/Semester-3/ENPM 700/Final Project/nav_guide_project/install/my_model/share/my_model/hook/path.dsv'
[0.489s] INFO:colcon.colcon_core.shell:Creating environment hook '/home/rishie/Documents/Semester-3/ENPM 700/Final Project/nav_guide_project/install/my_model/share/my_model/hook/path.sh'
[0.489s] Level 1:colcon.colcon_core.environment:checking '/home/rishie/Documents/Semester-3/ENPM 700/Final Project/nav_guide_project/install/my_model/lib/pkgconfig/my_model.pc'
[0.489s] Level 1:colcon.colcon_core.environment:checking '/home/rishie/Documents/Semester-3/ENPM 700/Final Project/nav_guide_project/install/my_model/lib/python3.10/site-packages'
[0.489s] Level 1:colcon.colcon_core.environment:checking '/home/rishie/Documents/Semester-3/ENPM 700/Final Project/nav_guide_project/install/my_model/bin'
[0.490s] Level 1:colcon.colcon_core.shell:create_environment_hook('my_model', 'pythonscriptspath')
[0.490s] INFO:colcon.colcon_core.shell:Creating environment hook '/home/rishie/Documents/Semester-3/ENPM 700/Final Project/nav_guide_project/install/my_model/share/my_model/hook/pythonscriptspath.ps1'
[0.490s] INFO:colcon.colcon_core.shell:Creating environment descriptor '/home/rishie/Documents/Semester-3/ENPM 700/Final Project/nav_guide_project/install/my_model/share/my_model/hook/pythonscriptspath.dsv'
[0.490s] INFO:colcon.colcon_core.shell:Creating environment hook '/home/rishie/Documents/Semester-3/ENPM 700/Final Project/nav_guide_project/install/my_model/share/my_model/hook/pythonscriptspath.sh'
[0.491s] INFO:colcon.colcon_core.shell:Creating package script '/home/rishie/Documents/Semester-3/ENPM 700/Final Project/nav_guide_project/install/my_model/share/my_model/package.ps1'
[0.492s] INFO:colcon.colcon_core.shell:Creating package descriptor '/home/rishie/Documents/Semester-3/ENPM 700/Final Project/nav_guide_project/install/my_model/share/my_model/package.dsv'
[0.492s] INFO:colcon.colcon_core.shell:Creating package script '/home/rishie/Documents/Semester-3/ENPM 700/Final Project/nav_guide_project/install/my_model/share/my_model/package.sh'
[0.493s] INFO:colcon.colcon_core.shell:Creating package script '/home/rishie/Documents/Semester-3/ENPM 700/Final Project/nav_guide_project/install/my_model/share/my_model/package.bash'
[0.493s] INFO:colcon.colcon_core.shell:Creating package script '/home/rishie/Documents/Semester-3/ENPM 700/Final Project/nav_guide_project/install/my_model/share/my_model/package.zsh'
[0.494s] Level 1:colcon.colcon_core.environment:create_file_with_runtime_dependencies(/home/rishie/Documents/Semester-3/ENPM 700/Final Project/nav_guide_project/install/my_model/share/colcon-core/packages/my_model)
[0.494s] INFO:colcon.colcon_ros.task.ament_cmake.build:Building ROS package in '/home/rishie/Documents/Semester-3/ENPM 700/Final Project/nav_guide_project/src/my_controller' with build type 'ament_cmake'
[0.494s] INFO:colcon.colcon_cmake.task.cmake.build:Building CMake package in '/home/rishie/Documents/Semester-3/ENPM 700/Final Project/nav_guide_project/src/my_controller'
[0.494s] INFO:colcon.colcon_core.shell:Skip shell extension 'powershell' for command environment: Not usable outside of PowerShell
[0.494s] DEBUG:colcon.colcon_core.shell:Skip shell extension 'dsv' for command environment
[0.504s] DEBUG:colcon.colcon_core.event_handler.log_command:Invoking command in '/home/rishie/Documents/Semester-3/ENPM 700/Final Project/nav_guide_project/build/my_controller': CMAKE_PREFIX_PATH=/opt/ros/humble LD_LIBRARY_PATH=/home/rishie/Documents/Semester-3/ENPM 700/Final Project/nav_guide_project/install/my_model/lib:${LD_LIBRARY_PATH} PATH=/home/rishie/Documents/Semester-3/ENPM 700/Final Project/nav_guide_project/install/my_model/bin:${PATH} PS1=\n\t \[\033[32m\]\w\[\033[33m\]$(GIT_PS1_SHOWUNTRACKEDFILES=1 GIT_PS1_SHOWDIRTYSTATE=1 __git_ps1)\[\033[00m\] $ /usr/bin/cmake --build /home/rishie/Documents/Semester-3/ENPM 700/Final Project/nav_guide_project/build/my_controller -- -j16 -l16
[8.659s] DEBUG:colcon.colcon_core.event_handler.log_command:Invoked command in '/home/rishie/Documents/Semester-3/ENPM 700/Final Project/nav_guide_project/build/my_controller' returned '2': CMAKE_PREFIX_PATH=/opt/ros/humble LD_LIBRARY_PATH=/home/rishie/Documents/Semester-3/ENPM 700/Final Project/nav_guide_project/install/my_model/lib:${LD_LIBRARY_PATH} PATH=/home/rishie/Documents/Semester-3/ENPM 700/Final Project/nav_guide_project/install/my_model/bin:${PATH} PS1=\n\t \[\033[32m\]\w\[\033[33m\]$(GIT_PS1_SHOWUNTRACKEDFILES=1 GIT_PS1_SHOWDIRTYSTATE=1 __git_ps1)\[\033[00m\] $ /usr/bin/cmake --build /home/rishie/Documents/Semester-3/ENPM 700/Final Project/nav_guide_project/build/my_controller -- -j16 -l16
[8.660s] Level 1:colcon.colcon_core.environment:create_environment_scripts_only(my_controller)
[8.660s] Level 1:colcon.colcon_core.environment:checking '/home/rishie/Documents/Semester-3/ENPM 700/Final Project/nav_guide_project/install/my_controller' for CMake module files
[8.660s] Level 1:colcon.colcon_core.environment:checking '/home/rishie/Documents/Semester-3/ENPM 700/Final Project/nav_guide_project/install/my_controller' for CMake config files
[8.660s] Level 1:colcon.colcon_core.environment:checking '/home/rishie/Documents/Semester-3/ENPM 700/Final Project/nav_guide_project/install/my_controller/bin'
[8.661s] Level 1:colcon.colcon_core.environment:checking '/home/rishie/Documents/Semester-3/ENPM 700/Final Project/nav_guide_project/install/my_controller/lib/pkgconfig/my_controller.pc'
[8.661s] Level 1:colcon.colcon_core.environment:checking '/home/rishie/Documents/Semester-3/ENPM 700/Final Project/nav_guide_project/install/my_controller/lib/python3.10/site-packages'
[8.661s] Level 1:colcon.colcon_core.environment:checking '/home/rishie/Documents/Semester-3/ENPM 700/Final Project/nav_guide_project/install/my_controller/bin'
[8.661s] INFO:colcon.colcon_core.shell:Creating package script '/home/rishie/Documents/Semester-3/ENPM 700/Final Project/nav_guide_project/install/my_controller/share/my_controller/package.ps1'
[8.662s] INFO:colcon.colcon_core.shell:Creating package descriptor '/home/rishie/Documents/Semester-3/ENPM 700/Final Project/nav_guide_project/install/my_controller/share/my_controller/package.dsv'
[8.662s] INFO:colcon.colcon_core.shell:Creating package script '/home/rishie/Documents/Semester-3/ENPM 700/Final Project/nav_guide_project/install/my_controller/share/my_controller/package.sh'
[8.662s] INFO:colcon.colcon_core.shell:Creating package script '/home/rishie/Documents/Semester-3/ENPM 700/Final Project/nav_guide_project/install/my_controller/share/my_controller/package.bash'
[8.663s] INFO:colcon.colcon_core.shell:Creating package script '/home/rishie/Documents/Semester-3/ENPM 700/Final Project/nav_guide_project/install/my_controller/share/my_controller/package.zsh'
[8.663s] Level 1:colcon.colcon_core.environment:create_file_with_runtime_dependencies(/home/rishie/Documents/Semester-3/ENPM 700/Final Project/nav_guide_project/install/my_controller/share/colcon-core/packages/my_controller)
[8.673s] DEBUG:colcon.colcon_parallel_executor.executor.parallel:closing loop
[8.673s] DEBUG:colcon.colcon_parallel_executor.executor.parallel:loop closed
[8.673s] DEBUG:colcon.colcon_parallel_executor.executor.parallel:run_until_complete finished with '2'
[8.673s] DEBUG:colcon.colcon_core.event_reactor:joining thread
[8.678s] INFO:colcon.colcon_core.plugin_system:Skipping extension 'colcon_notification.desktop_notification.terminal_notifier': Not used on non-Darwin systems
[8.679s] INFO:colcon.colcon_core.plugin_system:Skipping extension 'colcon_notification.desktop_notification.win32': Not used on non-Windows systems
[8.679s] INFO:colcon.colcon_notification.desktop_notification:Sending desktop notification using 'notify2'
[8.689s] DEBUG:colcon.colcon_core.event_reactor:joined thread
[8.690s] INFO:colcon.colcon_core.shell:Creating prefix script '/home/rishie/Documents/Semester-3/ENPM 700/Final Project/nav_guide_project/install/local_setup.ps1'
[8.692s] INFO:colcon.colcon_core.shell:Creating prefix util module '/home/rishie/Documents/Semester-3/ENPM 700/Final Project/nav_guide_project/install/_local_setup_util_ps1.py'
[8.693s] INFO:colcon.colcon_core.shell:Creating prefix chain script '/home/rishie/Documents/Semester-3/ENPM 700/Final Project/nav_guide_project/install/setup.ps1'
[8.694s] INFO:colcon.colcon_core.shell:Creating prefix script '/home/rishie/Documents/Semester-3/ENPM 700/Final Project/nav_guide_project/install/local_setup.sh'
[8.694s] INFO:colcon.colcon_core.shell:Creating prefix util module '/home/rishie/Documents/Semester-3/ENPM 700/Final Project/nav_guide_project/install/_local_setup_util_sh.py'
[8.695s] INFO:colcon.colcon_core.shell:Creating prefix chain script '/home/rishie/Documents/Semester-3/ENPM 700/Final Project/nav_guide_project/install/setup.sh'
[8.696s] INFO:colcon.colcon_core.shell:Creating prefix script '/home/rishie/Documents/Semester-3/ENPM 700/Final Project/nav_guide_project/install/local_setup.bash'
[8.696s] INFO:colcon.colcon_core.shell:Creating prefix chain script '/home/rishie/Documents/Semester-3/ENPM 700/Final Project/nav_guide_project/install/setup.bash'
[8.697s] INFO:colcon.colcon_core.shell:Creating prefix script '/home/rishie/Documents/Semester-3/ENPM 700/Final Project/nav_guide_project/install/local_setup.zsh'
[8.697s] INFO:colcon.colcon_core.shell:Creating prefix chain script '/home/rishie/Documents/Semester-3/ENPM 700/Final Project/nav_guide_project/install/setup.zsh'
